# JRE version: 7.0_11-b21
# Java VM: Java HotSpot(TM) 64-Bit Server VM (23.6-b04 mixed mode linux-amd64 compressed oops)
Heap
 PSYoungGen      total 432576K, used 131407K [0x00000000e0000000, 0x0000000100000000, 0x0000000100000000)
  eden space 350272K, 18% used [0x00000000e0000000,0x00000000e3f4adf8,0x00000000f5610000)
  from space 82304K, 80% used [0x00000000f5610000,0x00000000f9719100,0x00000000fa670000)
  to   space 89664K, 0% used [0x00000000fa870000,0x00000000fa870000,0x0000000100000000)
 ParOldGen       total 349568K, used 161458K [0x00000000a0000000, 0x00000000b5560000, 0x00000000e0000000)
  object space 349568K, 46% used [0x00000000a0000000,0x00000000a9daca08,0x00000000b5560000)
 PSPermGen       total 108224K, used 108112K [0x0000000088000000, 0x000000008e9b0000, 0x00000000a0000000)
  object space 108224K, 99% used [0x0000000088000000,0x000000008e9943e0,0x000000008e9b0000)
GC Heap History (10 events):
Event: 34.360 GC heap before
{Heap before GC invocations=7 (full 0):
 PSYoungGen      total 267520K, used 267498K [0x00000000e0000000, 0x00000000f2200000, 0x0000000100000000)
  eden space 250112K, 100% used [0x00000000e0000000,0x00000000ef440000,0x00000000ef440000)
  from space 17408K, 99% used [0x00000000f1100000,0x00000000f21fabc0,0x00000000f2200000)
  to   space 23424K, 0% used [0x00000000ef440000,0x00000000ef440000,0x00000000f0b20000)
 ParOldGen       total 349568K, used 8183K [0x00000000a0000000, 0x00000000b5560000, 0x00000000e0000000)
  object space 349568K, 2% used [0x00000000a0000000,0x00000000a07fdee0,0x00000000b5560000)
 PSPermGen       total 77696K, used 77637K [0x0000000088000000, 0x000000008cbe0000, 0x00000000a0000000)
  object space 77696K, 99% used [0x0000000088000000,0x000000008cbd1470,0x000000008cbe0000)
Event: 34.466 GC heap after
Heap after GC invocations=7 (full 0):
 PSYoungGen      total 273536K, used 23413K [0x00000000e0000000, 0x0000000100000000, 0x0000000100000000)
  eden space 250112K, 0% used [0x00000000e0000000,0x00000000e0000000,0x00000000ef440000)
  from space 23424K, 99% used [0x00000000ef440000,0x00000000f0b1d490,0x00000000f0b20000)
  to   space 59136K, 0% used [0x00000000fc640000,0x00000000fc640000,0x0000000100000000)
 ParOldGen       total 349568K, used 73725K [0x00000000a0000000, 0x00000000b5560000, 0x00000000e0000000)
  object space 349568K, 21% used [0x00000000a0000000,0x00000000a47ff570,0x00000000b5560000)
 PSPermGen       total 77696K, used 77637K [0x0000000088000000, 0x000000008cbe0000, 0x00000000a0000000)
  object space 77696K, 99% used [0x0000000088000000,0x000000008cbd1470,0x000000008cbe0000)
}
Event: 952.468 GC heap before
{Heap before GC invocations=8 (full 0):
 PSYoungGen      total 273536K, used 273293K [0x00000000e0000000, 0x0000000100000000, 0x0000000100000000)
  eden space 250112K, 99% used [0x00000000e0000000,0x00000000ef4061e0,0x00000000ef440000)
  from space 23424K, 99% used [0x00000000ef440000,0x00000000f0b1d490,0x00000000f0b20000)
  to   space 59136K, 0% used [0x00000000fc640000,0x00000000fc640000,0x0000000100000000)
 ParOldGen       total 349568K, used 73725K [0x00000000a0000000, 0x00000000b5560000, 0x00000000e0000000)
  object space 349568K, 21% used [0x00000000a0000000,0x00000000a47ff570,0x00000000b5560000)
 PSPermGen       total 85568K, used 85443K [0x0000000088000000, 0x000000008d390000, 0x00000000a0000000)
  object space 85568K, 99% used [0x0000000088000000,0x000000008d370c90,0x000000008d390000)
Event: 952.923 GC heap after
Heap after GC invocations=8 (full 0):
 PSYoungGen      total 301056K, used 59109K [0x00000000e0000000, 0x0000000100000000, 0x0000000100000000)
  eden space 241920K, 0% used [0x00000000e0000000,0x00000000e0000000,0x00000000eec40000)
  from space 59136K, 99% used [0x00000000fc640000,0x00000000ffff9648,0x0000000100000000)
  to   space 77120K, 0% used [0x00000000f6960000,0x00000000f6960000,0x00000000fb4b0000)
 ParOldGen       total 349568K, used 90847K [0x00000000a0000000, 0x00000000b5560000, 0x00000000e0000000)
  object space 349568K, 25% used [0x00000000a0000000,0x00000000a58b7d50,0x00000000b5560000)
 PSPermGen       total 85568K, used 85443K [0x0000000088000000, 0x000000008d390000, 0x00000000a0000000)
  object space 85568K, 99% used [0x0000000088000000,0x000000008d370c90,0x000000008d390000)
}
Event: 19371.473 GC heap before
{Heap before GC invocations=9 (full 0):
 PSYoungGen      total 301056K, used 301029K [0x00000000e0000000, 0x0000000100000000, 0x0000000100000000)
  eden space 241920K, 100% used [0x00000000e0000000,0x00000000eec40000,0x00000000eec40000)
  from space 59136K, 99% used [0x00000000fc640000,0x00000000ffff9648,0x0000000100000000)
  to   space 77120K, 0% used [0x00000000f6960000,0x00000000f6960000,0x00000000fb4b0000)
 ParOldGen       total 349568K, used 90847K [0x00000000a0000000, 0x00000000b5560000, 0x00000000e0000000)
  object space 349568K, 25% used [0x00000000a0000000,0x00000000a58b7d50,0x00000000b5560000)
 PSPermGen       total 87872K, used 87728K [0x0000000088000000, 0x000000008d5d0000, 0x00000000a0000000)
  object space 87872K, 99% used [0x0000000088000000,0x000000008d5ac330,0x000000008d5d0000)
Event: 19372.652 GC heap after
Heap after GC invocations=9 (full 0):
 PSYoungGen      total 296640K, used 62489K [0x00000000e0000000, 0x00000000fc650000, 0x0000000100000000)
  eden space 234112K, 0% used [0x00000000e0000000,0x00000000e0000000,0x00000000ee4a0000)
  from space 62528K, 99% used [0x00000000f6960000,0x00000000fa666458,0x00000000fa670000)
  to   space 32640K, 0% used [0x00000000fa670000,0x00000000fa670000,0x00000000fc650000)
 ParOldGen       total 349568K, used 99706K [0x00000000a0000000, 0x00000000b5560000, 0x00000000e0000000)
  object space 349568K, 28% used [0x00000000a0000000,0x00000000a615e988,0x00000000b5560000)
 PSPermGen       total 87872K, used 87728K [0x0000000088000000, 0x000000008d5d0000, 0x00000000a0000000)
  object space 87872K, 99% used [0x0000000088000000,0x000000008d5ac330,0x000000008d5d0000)
}
Event: 19374.533 GC heap before
{Heap before GC invocations=10 (full 0):
 PSYoungGen      total 296640K, used 296601K [0x00000000e0000000, 0x00000000fc650000, 0x0000000100000000)
  eden space 234112K, 100% used [0x00000000e0000000,0x00000000ee4a0000,0x00000000ee4a0000)
  from space 62528K, 99% used [0x00000000f6960000,0x00000000fa666458,0x00000000fa670000)
  to   space 32640K, 0% used [0x00000000fa670000,0x00000000fa670000,0x00000000fc650000)
 ParOldGen       total 349568K, used 99706K [0x00000000a0000000, 0x00000000b5560000, 0x00000000e0000000)
  object space 349568K, 28% used [0x00000000a0000000,0x00000000a615e988,0x00000000b5560000)
 PSPermGen       total 87872K, used 87806K [0x0000000088000000, 0x000000008d5d0000, 0x00000000a0000000)
  object space 87872K, 99% used [0x0000000088000000,0x000000008d5bf888,0x000000008d5d0000)
Event: 19374.641 GC heap after
Heap after GC invocations=10 (full 0):
 PSYoungGen      total 382912K, used 19154K [0x00000000e0000000, 0x0000000100000000, 0x0000000100000000)
  eden space 350272K, 0% used [0x00000000e0000000,0x00000000e0000000,0x00000000f5610000)
  from space 32640K, 58% used [0x00000000fa670000,0x00000000fb924a30,0x00000000fc650000)
  to   space 82304K, 0% used [0x00000000f5610000,0x00000000f5610000,0x00000000fa670000)
 ParOldGen       total 349568K, used 149546K [0x00000000a0000000, 0x00000000b5560000, 0x00000000e0000000)
  object space 349568K, 42% used [0x00000000a0000000,0x00000000a920a920,0x00000000b5560000)
 PSPermGen       total 87872K, used 87806K [0x0000000088000000, 0x000000008d5d0000, 0x00000000a0000000)
  object space 87872K, 99% used [0x0000000088000000,0x000000008d5bf888,0x000000008d5d0000)
}
Event: 19400.184 GC heap before
{Heap before GC invocations=11 (full 0):
 PSYoungGen      total 382912K, used 369426K [0x00000000e0000000, 0x0000000100000000, 0x0000000100000000)
  eden space 350272K, 100% used [0x00000000e0000000,0x00000000f5610000,0x00000000f5610000)
  from space 32640K, 58% used [0x00000000fa670000,0x00000000fb924a30,0x00000000fc650000)
  to   space 82304K, 0% used [0x00000000f5610000,0x00000000f5610000,0x00000000fa670000)
 ParOldGen       total 349568K, used 149546K [0x00000000a0000000, 0x00000000b5560000, 0x00000000e0000000)
  object space 349568K, 42% used [0x00000000a0000000,0x00000000a920a920,0x00000000b5560000)
 PSPermGen       total 98816K, used 98742K [0x0000000088000000, 0x000000008e080000, 0x00000000a0000000)
  object space 98816K, 99% used [0x0000000088000000,0x000000008e06d948,0x000000008e080000)
Event: 19400.283 GC heap after
Heap after GC invocations=11 (full 0):
 PSYoungGen      total 432576K, used 66596K [0x00000000e0000000, 0x0000000100000000, 0x0000000100000000)
  eden space 350272K, 0% used [0x00000000e0000000,0x00000000e0000000,0x00000000f5610000)
  from space 82304K, 80% used [0x00000000f5610000,0x00000000f9719100,0x00000000fa670000)
  to   space 89664K, 0% used [0x00000000fa870000,0x00000000fa870000,0x0000000100000000)
 ParOldGen       total 349568K, used 161458K [0x00000000a0000000, 0x00000000b5560000, 0x00000000e0000000)
  object space 349568K, 46% used [0x00000000a0000000,0x00000000a9daca08,0x00000000b5560000)
 PSPermGen       total 98816K, used 98742K [0x0000000088000000, 0x000000008e080000, 0x00000000a0000000)
  object space 98816K, 99% used [0x0000000088000000,0x000000008e06d948,0x000000008e080000)
}

