# JRE version: 7.0_11-b21
# Java VM: Java HotSpot(TM) 64-Bit Server VM (23.6-b04 mixed mode linux-amd64 compressed oops)
Heap
 PSYoungGen      total 306624K, used 103075K [0x00000000e0000000, 0x0000000100000000, 0x0000000100000000)
  eden space 244544K, 16% used [0x00000000e0000000,0x00000000e280b8f0,0x00000000eeed0000)
  from space 62080K, 99% used [0x00000000fc360000,0x00000000ffffd620,0x0000000100000000)
  to   space 73280K, 0% used [0x00000000f70e0000,0x00000000f70e0000,0x00000000fb870000)
 ParOldGen       total 349568K, used 82115K [0x00000000a0000000, 0x00000000b5560000, 0x00000000e0000000)
  object space 349568K, 23% used [0x00000000a0000000,0x00000000a5030e10,0x00000000b5560000)
 PSPermGen       total 102656K, used 102622K [0x0000000088000000, 0x000000008e440000, 0x00000000a0000000)
  object space 102656K, 99% used [0x0000000088000000,0x000000008e437b98,0x000000008e440000)
GC Heap History (10 events):
Event: 133.286 GC heap before
{Heap before GC invocations=6 (full 0):
 PSYoungGen      total 152896K, used 152871K [0x00000000e0000000, 0x00000000f5aa0000, 0x0000000100000000)
  eden space 131072K, 100% used [0x00000000e0000000,0x00000000e8000000,0x00000000e8000000)
  from space 21824K, 99% used [0x00000000e8000000,0x00000000e9549fc8,0x00000000e9550000)
  to   space 46400K, 0% used [0x00000000f2d50000,0x00000000f2d50000,0x00000000f5aa0000)
 ParOldGen       total 349568K, used 30444K [0x00000000a0000000, 0x00000000b5560000, 0x00000000e0000000)
  object space 349568K, 8% used [0x00000000a0000000,0x00000000a1dbb1e8,0x00000000b5560000)
 PSPermGen       total 71360K, used 71213K [0x0000000088000000, 0x000000008c5b0000, 0x00000000a0000000)
  object space 71360K, 99% used [0x0000000088000000,0x000000008c58b6e8,0x000000008c5b0000)
Event: 133.348 GC heap after
Heap after GC invocations=6 (full 0):
 PSYoungGen      total 174208K, used 46369K [0x00000000e0000000, 0x00000000f5aa0000, 0x0000000100000000)
  eden space 127808K, 0% used [0x00000000e0000000,0x00000000e0000000,0x00000000e7cd0000)
  from space 46400K, 99% used [0x00000000f2d50000,0x00000000f5a984a8,0x00000000f5aa0000)
  to   space 58496K, 0% used [0x00000000ee860000,0x00000000ee860000,0x00000000f2180000)
 ParOldGen       total 349568K, used 35015K [0x00000000a0000000, 0x00000000b5560000, 0x00000000e0000000)
  object space 349568K, 10% used [0x00000000a0000000,0x00000000a2231df0,0x00000000b5560000)
 PSPermGen       total 71360K, used 71213K [0x0000000088000000, 0x000000008c5b0000, 0x00000000a0000000)
  object space 71360K, 99% used [0x0000000088000000,0x000000008c58b6e8,0x000000008c5b0000)
}
Event: 138.263 GC heap before
{Heap before GC invocations=7 (full 0):
 PSYoungGen      total 174208K, used 174177K [0x00000000e0000000, 0x00000000f5aa0000, 0x0000000100000000)
  eden space 127808K, 100% used [0x00000000e0000000,0x00000000e7cd0000,0x00000000e7cd0000)
  from space 46400K, 99% used [0x00000000f2d50000,0x00000000f5a984a8,0x00000000f5aa0000)
  to   space 58496K, 0% used [0x00000000ee860000,0x00000000ee860000,0x00000000f2180000)
 ParOldGen       total 349568K, used 35015K [0x00000000a0000000, 0x00000000b5560000, 0x00000000e0000000)
  object space 349568K, 10% used [0x00000000a0000000,0x00000000a2231df0,0x00000000b5560000)
 PSPermGen       total 73088K, used 73048K [0x0000000088000000, 0x000000008c760000, 0x00000000a0000000)
  object space 73088K, 99% used [0x0000000088000000,0x000000008c756328,0x000000008c760000)
Event: 138.323 GC heap after
Heap after GC invocations=7 (full 0):
 PSYoungGen      total 296448K, used 40302K [0x00000000e0000000, 0x00000000f7020000, 0x0000000100000000)
  eden space 237952K, 0% used [0x00000000e0000000,0x00000000e0000000,0x00000000ee860000)
  from space 58496K, 68% used [0x00000000ee860000,0x00000000f0fbbba8,0x00000000f2180000)
  to   space 60672K, 0% used [0x00000000f34e0000,0x00000000f34e0000,0x00000000f7020000)
 ParOldGen       total 349568K, used 38755K [0x00000000a0000000, 0x00000000b5560000, 0x00000000e0000000)
  object space 349568K, 11% used [0x00000000a0000000,0x00000000a25d8db8,0x00000000b5560000)
 PSPermGen       total 73088K, used 73048K [0x0000000088000000, 0x000000008c760000, 0x00000000a0000000)
  object space 73088K, 99% used [0x0000000088000000,0x000000008c756328,0x000000008c760000)
}
Event: 141.547 GC heap before
{Heap before GC invocations=8 (full 0):
 PSYoungGen      total 296448K, used 278254K [0x00000000e0000000, 0x00000000f7020000, 0x0000000100000000)
  eden space 237952K, 100% used [0x00000000e0000000,0x00000000ee860000,0x00000000ee860000)
  from space 58496K, 68% used [0x00000000ee860000,0x00000000f0fbbba8,0x00000000f2180000)
  to   space 60672K, 0% used [0x00000000f34e0000,0x00000000f34e0000,0x00000000f7020000)
 ParOldGen       total 349568K, used 38755K [0x00000000a0000000, 0x00000000b5560000, 0x00000000e0000000)
  object space 349568K, 11% used [0x00000000a0000000,0x00000000a25d8db8,0x00000000b5560000)
 PSPermGen       total 76544K, used 76429K [0x0000000088000000, 0x000000008cac0000, 0x00000000a0000000)
  object space 76544K, 99% used [0x0000000088000000,0x000000008caa3748,0x000000008cac0000)
Event: 141.595 GC heap after
Heap after GC invocations=8 (full 0):
 PSYoungGen      total 313536K, used 44122K [0x00000000e0000000, 0x0000000100000000, 0x0000000100000000)
  eden space 252864K, 0% used [0x00000000e0000000,0x00000000e0000000,0x00000000ef6f0000)
  from space 60672K, 72% used [0x00000000f34e0000,0x00000000f5ff6808,0x00000000f7020000)
  to   space 63424K, 0% used [0x00000000ef6f0000,0x00000000ef6f0000,0x00000000f34e0000)
 ParOldGen       total 349568K, used 43257K [0x00000000a0000000, 0x00000000b5560000, 0x00000000e0000000)
  object space 349568K, 12% used [0x00000000a0000000,0x00000000a2a3e7e8,0x00000000b5560000)
 PSPermGen       total 76544K, used 76429K [0x0000000088000000, 0x000000008cac0000, 0x00000000a0000000)
  object space 76544K, 99% used [0x0000000088000000,0x000000008caa3748,0x000000008cac0000)
}
Event: 150.637 GC heap before
{Heap before GC invocations=9 (full 0):
 PSYoungGen      total 313536K, used 296986K [0x00000000e0000000, 0x0000000100000000, 0x0000000100000000)
  eden space 252864K, 100% used [0x00000000e0000000,0x00000000ef6f0000,0x00000000ef6f0000)
  from space 60672K, 72% used [0x00000000f34e0000,0x00000000f5ff6808,0x00000000f7020000)
  to   space 63424K, 0% used [0x00000000ef6f0000,0x00000000ef6f0000,0x00000000f34e0000)
 ParOldGen       total 349568K, used 43257K [0x00000000a0000000, 0x00000000b5560000, 0x00000000e0000000)
  object space 349568K, 12% used [0x00000000a0000000,0x00000000a2a3e7e8,0x00000000b5560000)
 PSPermGen       total 87104K, used 87066K [0x0000000088000000, 0x000000008d510000, 0x00000000a0000000)
  object space 87104K, 99% used [0x0000000088000000,0x000000008d506ac8,0x000000008d510000)
Event: 150.724 GC heap after
Heap after GC invocations=9 (full 0):
 PSYoungGen      total 316288K, used 36437K [0x00000000e0000000, 0x0000000100000000, 0x0000000100000000)
  eden space 252864K, 0% used [0x00000000e0000000,0x00000000e0000000,0x00000000ef6f0000)
  from space 63424K, 57% used [0x00000000ef6f0000,0x00000000f1a85460,0x00000000f34e0000)
  to   space 62080K, 0% used [0x00000000fc360000,0x00000000fc360000,0x0000000100000000)
 ParOldGen       total 349568K, used 74234K [0x00000000a0000000, 0x00000000b5560000, 0x00000000e0000000)
  object space 349568K, 21% used [0x00000000a0000000,0x00000000a487ebe8,0x00000000b5560000)
 PSPermGen       total 87104K, used 87066K [0x0000000088000000, 0x000000008d510000, 0x00000000a0000000)
  object space 87104K, 99% used [0x0000000088000000,0x000000008d506ac8,0x000000008d510000)
}
Event: 195.167 GC heap before
{Heap before GC invocations=10 (full 0):
 PSYoungGen      total 316288K, used 289301K [0x00000000e0000000, 0x0000000100000000, 0x0000000100000000)
  eden space 252864K, 100% used [0x00000000e0000000,0x00000000ef6f0000,0x00000000ef6f0000)
  from space 63424K, 57% used [0x00000000ef6f0000,0x00000000f1a85460,0x00000000f34e0000)
  to   space 62080K, 0% used [0x00000000fc360000,0x00000000fc360000,0x0000000100000000)
 ParOldGen       total 349568K, used 74234K [0x00000000a0000000, 0x00000000b5560000, 0x00000000e0000000)
  object space 349568K, 21% used [0x00000000a0000000,0x00000000a487ebe8,0x00000000b5560000)
 PSPermGen       total 97664K, used 97490K [0x0000000088000000, 0x000000008df60000, 0x00000000a0000000)
  object space 97664K, 99% used [0x0000000088000000,0x000000008df34b18,0x000000008df60000)
Event: 195.282 GC heap after
Heap after GC invocations=10 (full 0):
 PSYoungGen      total 306624K, used 62069K [0x00000000e0000000, 0x0000000100000000, 0x0000000100000000)
  eden space 244544K, 0% used [0x00000000e0000000,0x00000000e0000000,0x00000000eeed0000)
  from space 62080K, 99% used [0x00000000fc360000,0x00000000ffffd620,0x0000000100000000)
  to   space 73280K, 0% used [0x00000000f70e0000,0x00000000f70e0000,0x00000000fb870000)
 ParOldGen       total 349568K, used 82115K [0x00000000a0000000, 0x00000000b5560000, 0x00000000e0000000)
  object space 349568K, 23% used [0x00000000a0000000,0x00000000a5030e10,0x00000000b5560000)
 PSPermGen       total 97664K, used 97490K [0x0000000088000000, 0x000000008df60000, 0x00000000a0000000)
  object space 97664K, 99% used [0x0000000088000000,0x000000008df34b18,0x000000008df60000)
}

